<?xml version="1.0" encoding="utf-8"?><testsuites><testsuite name="pytest" errors="0" failures="0" skipped="0" tests="1" time="0.013" timestamp="2022-09-15T02:42:28.509502" hostname="Jans-MacBook-Pro.local"><testcase classname="tests.test_sample_template_package" name="test_version" time="0.001" /></testsuite></testsuites>